<?xml version="1.0" encoding="UTF-8"?>
<!-- Generated by org.testng.reporters.JUnitXMLReporter -->
<testsuite hostname="DESKTOP-E6N9TK3" ignored="18" name="Run on FIREFOX" tests="43" failures="2" timestamp="02 Nov 2021 10:46:05 GMT" time="1076.298" errors="0">
  <testcase name="Register_01_Empty_Data" time="1.084" classname="com.nopcommerce.register.TC_01_Register"/>
  <testcase name="Register_02_Invalid_Email" time="1.07" classname="com.nopcommerce.register.TC_01_Register"/>
  <testcase name="Register_03_Valid_Infomation" time="5.759" classname="com.nopcommerce.register.TC_01_Register"/>
  <testcase name="Register_04_Exist_Email" time="1.046" classname="com.nopcommerce.register.TC_01_Register"/>
  <testcase name="Register_05_InValid_Password" time="0.821" classname="com.nopcommerce.register.TC_01_Register"/>
  <testcase name="Register_06_Not_Match_Password" time="0.89" classname="com.nopcommerce.register.TC_01_Register"/>
  <testcase name="Wishlist_01_Add_To_Wishlist" time="8.837" classname="com.nopcommerce.wishlist.TC_01_Add_To_Wishlist"/>
  <testcase name="Login_01_Login_Empty_Data" time="0.566" classname="com.nopcommerce.login.TC_01_Login"/>
  <testcase name="Login_02_Login_Invalid_Email" time="0.574" classname="com.nopcommerce.login.TC_01_Login"/>
  <testcase name="Login_03_Login_Not_Register_Email" time="0.781" classname="com.nopcommerce.login.TC_01_Login"/>
  <testcase name="Login_04_Empty_Password" time="0.681" classname="com.nopcommerce.login.TC_01_Login"/>
  <testcase name="Login_05_Login_Invalid_Password" time="0.722" classname="com.nopcommerce.login.TC_01_Login"/>
  <testcase name="Login_06_Login_Success" time="2.003" classname="com.nopcommerce.login.TC_01_Login"/>
  <testcase name="Add_To_Cart_01" time="10.996" classname="com.nopcommerce.wishlist.TC_02_Add_To_Cart"/>
  <testcase name="Remove_Product_01" time="77.742" classname="com.nopcommerce.wishlist.TC_03_Remove_Product"/>
  <testcase name="Add_To_Compare_01" time="262.886" classname="com.nopcommerce.wishlist.TC_04_Add_To_Compare"/>
  <testcase name="Add_To_Cart_01" time="14.89" classname="com.nopcommerce.wishlist.TC_05_Recently_Viewed_Product"/>
  <testcase name="My_Account_01_Customer_Info" time="9.237" classname="com.nopcommerce.myaccount.TC_01_Customer_Info"/>
  <testcase name="My_Account_02_Addresses" time="10.139" classname="com.nopcommerce.myaccount.TC_02_Add_Addresses"/>
  <testcase name="Change_Password_01" time="12.619" classname="com.nopcommerce.myaccount.TC_03_Change_Password"/>
  <testcase name="My_Product_Review_01" time="12.213" classname="com.nopcommerce.myaccount.TC_04_My_Product_Review"/>
  <testcase name="Search_01_Empty_Data" time="5.986" classname="com.nopcommerce.search.TC_01_Search_Advanced_Search"/>
  <testcase name="Search_02_Not_Exist_Data" time="0.646" classname="com.nopcommerce.search.TC_01_Search_Advanced_Search"/>
  <testcase name="TC_03_Product_Name_Relative" time="1.695" classname="com.nopcommerce.search.TC_01_Search_Advanced_Search"/>
  <testcase name="TC_04_Product_Name_Absolute" time="1.367" classname="com.nopcommerce.search.TC_01_Search_Advanced_Search"/>
  <testcase name="TC_05_Parent_Categories" time="2.513" classname="com.nopcommerce.search.TC_01_Search_Advanced_Search"/>
  <testcase name="TC_06_Product_Sub_Categories" time="2.185" classname="com.nopcommerce.search.TC_01_Search_Advanced_Search"/>
  <testcase name="TC_07_Incorrect_Manufactuner" time="2.557" classname="com.nopcommerce.search.TC_01_Search_Advanced_Search"/>
  <testcase name="TC_08_Correct_Manufactuner" time="2.419" classname="com.nopcommerce.search.TC_01_Search_Advanced_Search"/>
  <testcase name="TC_01_Sort_By_Name_A_Z" time="2.379" classname="com.nopcommerce.sort.TC_01_Sort_Display_Paging"/>
  <testcase name="TC_02_Sort_By_Name_Z_A" time="2.369" classname="com.nopcommerce.sort.TC_01_Sort_Display_Paging"/>
  <testcase name="TC_03_Sort_By_Price_Low_To_Hight" time="2.396" classname="com.nopcommerce.sort.TC_01_Sort_Display_Paging"/>
  <testcase name="TC_04_Sort_By_Price_Hight_To_Low" time="2.403" classname="com.nopcommerce.sort.TC_01_Sort_Display_Paging"/>
  <testcase name="TC_05_Display_Three_Per_Page" time="3.521" classname="com.nopcommerce.sort.TC_01_Sort_Display_Paging"/>
  <testcase name="TC_06_Display_Six_Per_Page" time="68.492" classname="com.nopcommerce.sort.TC_01_Sort_Display_Paging"/>
  <testcase name="TC_07_Display_Nine_Per_Page" time="38.55" classname="com.nopcommerce.sort.TC_01_Sort_Display_Paging"/>
  <testcase name="TC_01_Add_Product_To_Cart" time="7.004" classname="com.nopcommerce.order.TC_01_Add_Product_To_Cart"/>
  <testcase name="TC_02_Edit_Product_To_Cart" time="22.436" classname="com.nopcommerce.order.TC_01_Add_Product_To_Cart"/>
  <testcase name="TC_03_Remove_from_Cart" time="67.965" classname="com.nopcommerce.order.TC_01_Add_Product_To_Cart"/>
  <testcase name="TC_01_Update_Shopping_Cart" time="13.691" classname="com.nopcommerce.order.TC_02_Update_Shopping_Cart"/>
  <testcase name="TC_01_Checkout_Order_Method_Card" time="92.552" classname="com.nopcommerce.order.TC_05_Checkout_Order_Payment_Method_Card"/>
  <testcase name="TC_01_Checkout_Method_Cheque" time="36.477" classname="com.nopcommerce.order.TC_06_Checkout_Order_Payment_Method_Cheque">
    <failure type="org.openqa.selenium.TimeoutException" message="Expected condition failed: waiting for element to be clickable: By.xpath: //select[@name=&amp;apos;CountryId&amp;apos;] (tried for 30 second(s) with 500 milliseconds interval)
Build info: version: &amp;apos;3.141.59&amp;apos;, revision: &amp;apos;e82be7d358&amp;apos;, time: &amp;apos;2018-11-14T08:17:03&amp;apos;
System info: host: &amp;apos;DESKTOP-E6N9TK3&amp;apos;, ip: &amp;apos;192.168.1.59&amp;apos;, os.name: &amp;apos;Windows 10&amp;apos;, os.arch: &amp;apos;amd64&amp;apos;, os.version: &amp;apos;10.0&amp;apos;, java.version: &amp;apos;1.8.0_271&amp;apos;
Driver info: org.openqa.selenium.firefox.FirefoxDriver
Capabilities {acceptInsecureCerts: true, browserName: firefox, browserVersion: 93.0, javascriptEnabled: true, moz:accessibilityChecks: false, moz:buildID: 20210927210923, moz:geckodriverVersion: 0.30.0, moz:headless: false, moz:processID: 12252, moz:profile: C:\Users\Admin\AppData\Loca..., moz:shutdownTimeout: 60000, moz:useNonSpecCompliantPointerOrigin: false, moz:webdriverClick: true, pageLoadStrategy: normal, platform: WINDOWS, platformName: WINDOWS, platformVersion: 10.0, proxy: Proxy(), setWindowRect: true, strictFileInteractability: false, timeouts: {implicit: 0, pageLoad: 300000, script: 30000}, unhandledPromptBehavior: dismiss and notify}
Session ID: 7850dd01-3b92-46a2-a931-dcd7b608baa9">
      <![CDATA[org.openqa.selenium.TimeoutException: Expected condition failed: waiting for element to be clickable: By.xpath: //select[@name='CountryId'] (tried for 30 second(s) with 500 milliseconds interval)
Build info: version: '3.141.59', revision: 'e82be7d358', time: '2018-11-14T08:17:03'
System info: host: 'DESKTOP-E6N9TK3', ip: '192.168.1.59', os.name: 'Windows 10', os.arch: 'amd64', os.version: '10.0', java.version: '1.8.0_271'
Driver info: org.openqa.selenium.firefox.FirefoxDriver
Capabilities {acceptInsecureCerts: true, browserName: firefox, browserVersion: 93.0, javascriptEnabled: true, moz:accessibilityChecks: false, moz:buildID: 20210927210923, moz:geckodriverVersion: 0.30.0, moz:headless: false, moz:processID: 12252, moz:profile: C:\Users\Admin\AppData\Loca..., moz:shutdownTimeout: 60000, moz:useNonSpecCompliantPointerOrigin: false, moz:webdriverClick: true, pageLoadStrategy: normal, platform: WINDOWS, platformName: WINDOWS, platformVersion: 10.0, proxy: Proxy(), setWindowRect: true, strictFileInteractability: false, timeouts: {implicit: 0, pageLoad: 300000, script: 30000}, unhandledPromptBehavior: dismiss and notify}
Session ID: 7850dd01-3b92-46a2-a931-dcd7b608baa9
at org.openqa.selenium.support.ui.WebDriverWait.timeoutException(WebDriverWait.java:95)
at org.openqa.selenium.support.ui.FluentWait.until(FluentWait.java:272)
at commons.BasePage.waitForElementClickable(BasePage.java:587)
at commons.BasePage.selectItemInDropdownByName(BasePage.java:647)
at com.nopcommerce.order.TC_06_Checkout_Order_Payment_Method_Cheque.TC_01_Checkout_Method_Cheque(TC_06_Checkout_Order_Payment_Method_Cheque.java:102)
... Removed 29 stack frames]]>
    </failure>
  </testcase> <!-- TC_01_Checkout_Method_Cheque -->
  <testcase name="TC_01_Re_Order" time="36.875" classname="com.nopcommerce.order.TC_07_Re_Order">
    <failure type="org.openqa.selenium.TimeoutException" message="Expected condition failed: waiting for element to be clickable: By.xpath: //select[@name=&amp;apos;CountryId&amp;apos;] (tried for 30 second(s) with 500 milliseconds interval)
Build info: version: &amp;apos;3.141.59&amp;apos;, revision: &amp;apos;e82be7d358&amp;apos;, time: &amp;apos;2018-11-14T08:17:03&amp;apos;
System info: host: &amp;apos;DESKTOP-E6N9TK3&amp;apos;, ip: &amp;apos;192.168.1.59&amp;apos;, os.name: &amp;apos;Windows 10&amp;apos;, os.arch: &amp;apos;amd64&amp;apos;, os.version: &amp;apos;10.0&amp;apos;, java.version: &amp;apos;1.8.0_271&amp;apos;
Driver info: org.openqa.selenium.firefox.FirefoxDriver
Capabilities {acceptInsecureCerts: true, browserName: firefox, browserVersion: 93.0, javascriptEnabled: true, moz:accessibilityChecks: false, moz:buildID: 20210927210923, moz:geckodriverVersion: 0.30.0, moz:headless: false, moz:processID: 22484, moz:profile: C:\Users\Admin\AppData\Loca..., moz:shutdownTimeout: 60000, moz:useNonSpecCompliantPointerOrigin: false, moz:webdriverClick: true, pageLoadStrategy: normal, platform: WINDOWS, platformName: WINDOWS, platformVersion: 10.0, proxy: Proxy(), setWindowRect: true, strictFileInteractability: false, timeouts: {implicit: 0, pageLoad: 300000, script: 30000}, unhandledPromptBehavior: dismiss and notify}
Session ID: 28ac90a1-3862-4c9b-860f-81dc4986cbff">
      <![CDATA[org.openqa.selenium.TimeoutException: Expected condition failed: waiting for element to be clickable: By.xpath: //select[@name='CountryId'] (tried for 30 second(s) with 500 milliseconds interval)
Build info: version: '3.141.59', revision: 'e82be7d358', time: '2018-11-14T08:17:03'
System info: host: 'DESKTOP-E6N9TK3', ip: '192.168.1.59', os.name: 'Windows 10', os.arch: 'amd64', os.version: '10.0', java.version: '1.8.0_271'
Driver info: org.openqa.selenium.firefox.FirefoxDriver
Capabilities {acceptInsecureCerts: true, browserName: firefox, browserVersion: 93.0, javascriptEnabled: true, moz:accessibilityChecks: false, moz:buildID: 20210927210923, moz:geckodriverVersion: 0.30.0, moz:headless: false, moz:processID: 22484, moz:profile: C:\Users\Admin\AppData\Loca..., moz:shutdownTimeout: 60000, moz:useNonSpecCompliantPointerOrigin: false, moz:webdriverClick: true, pageLoadStrategy: normal, platform: WINDOWS, platformName: WINDOWS, platformVersion: 10.0, proxy: Proxy(), setWindowRect: true, strictFileInteractability: false, timeouts: {implicit: 0, pageLoad: 300000, script: 30000}, unhandledPromptBehavior: dismiss and notify}
Session ID: 28ac90a1-3862-4c9b-860f-81dc4986cbff
at org.openqa.selenium.support.ui.WebDriverWait.timeoutException(WebDriverWait.java:95)
at org.openqa.selenium.support.ui.FluentWait.until(FluentWait.java:272)
at commons.BasePage.waitForElementClickable(BasePage.java:587)
at commons.BasePage.selectItemInDropdownByName(BasePage.java:647)
at com.nopcommerce.order.TC_07_Re_Order.TC_01_Re_Order(TC_07_Re_Order.java:105)
... Removed 29 stack frames]]>
    </failure>
  </testcase> <!-- TC_01_Re_Order -->
  <testcase name="@BeforeTest deleteAllFileInFolder" time="0.0" classname="commons.BaseTest">
    <ignored/>
  </testcase> <!-- @BeforeTest deleteAllFileInFolder -->
  <testcase name="@BeforeTest deleteAllFileInFolder" time="0.0" classname="commons.BaseTest">
    <ignored/>
  </testcase> <!-- @BeforeTest deleteAllFileInFolder -->
  <testcase name="@BeforeTest deleteAllFileInFolder" time="0.0" classname="commons.BaseTest">
    <ignored/>
  </testcase> <!-- @BeforeTest deleteAllFileInFolder -->
  <testcase name="@BeforeTest deleteAllFileInFolder" time="0.0" classname="commons.BaseTest">
    <ignored/>
  </testcase> <!-- @BeforeTest deleteAllFileInFolder -->
  <testcase name="@BeforeTest deleteAllFileInFolder" time="0.0" classname="commons.BaseTest">
    <ignored/>
  </testcase> <!-- @BeforeTest deleteAllFileInFolder -->
  <testcase name="@BeforeTest deleteAllFileInFolder" time="0.0" classname="commons.BaseTest">
    <ignored/>
  </testcase> <!-- @BeforeTest deleteAllFileInFolder -->
  <testcase name="@BeforeTest deleteAllFileInFolder" time="0.0" classname="commons.BaseTest">
    <ignored/>
  </testcase> <!-- @BeforeTest deleteAllFileInFolder -->
  <testcase name="@BeforeTest deleteAllFileInFolder" time="0.0" classname="commons.BaseTest">
    <ignored/>
  </testcase> <!-- @BeforeTest deleteAllFileInFolder -->
  <testcase name="@BeforeTest deleteAllFileInFolder" time="0.0" classname="commons.BaseTest">
    <ignored/>
  </testcase> <!-- @BeforeTest deleteAllFileInFolder -->
  <testcase name="@BeforeTest deleteAllFileInFolder" time="0.0" classname="commons.BaseTest">
    <ignored/>
  </testcase> <!-- @BeforeTest deleteAllFileInFolder -->
  <testcase name="@BeforeTest deleteAllFileInFolder" time="0.0" classname="commons.BaseTest">
    <ignored/>
  </testcase> <!-- @BeforeTest deleteAllFileInFolder -->
  <testcase name="@BeforeTest deleteAllFileInFolder" time="0.0" classname="commons.BaseTest">
    <ignored/>
  </testcase> <!-- @BeforeTest deleteAllFileInFolder -->
  <testcase name="@BeforeTest deleteAllFileInFolder" time="0.0" classname="commons.BaseTest">
    <ignored/>
  </testcase> <!-- @BeforeTest deleteAllFileInFolder -->
  <testcase name="@BeforeTest deleteAllFileInFolder" time="0.0" classname="commons.BaseTest">
    <ignored/>
  </testcase> <!-- @BeforeTest deleteAllFileInFolder -->
  <testcase name="@BeforeTest deleteAllFileInFolder" time="0.0" classname="commons.BaseTest">
    <ignored/>
  </testcase> <!-- @BeforeTest deleteAllFileInFolder -->
  <testcase name="@BeforeTest deleteAllFileInFolder" time="0.0" classname="commons.BaseTest">
    <ignored/>
  </testcase> <!-- @BeforeTest deleteAllFileInFolder -->
  <testcase name="@BeforeTest deleteAllFileInFolder" time="0.0" classname="commons.BaseTest">
    <ignored/>
  </testcase> <!-- @BeforeTest deleteAllFileInFolder -->
  <testcase name="@BeforeTest deleteAllFileInFolder" time="0.0" classname="commons.BaseTest">
    <ignored/>
  </testcase> <!-- @BeforeTest deleteAllFileInFolder -->
</testsuite> <!-- Run on FIREFOX -->
